<?xml version="1.0" encoding="UTF-8"?>
<TestRun id="115aed9c-ac30-4d58-9df0-1bfbe231e32d" name="NerdSupport (2012-02-21 20:55:43)" runUser="GROUP\jpersson" xmlns="http://microsoft.com/schemas/VisualStudio/TeamTest/2010">
  <TestSettings name="NerdSupport" id="a677183a-2241-46a2-8e6f-b1b8040dce34">
    <Description>These are default test settings for a local test run.</Description>
    <Deployment runDeploymentRoot="NerdSupport _2012-02-21 20_55_43_">
      <DeploymentItem filename="C:\Projects\NerdSupport.nethouselkpg\Specs\NerdSupport.Specs.StepDefinitions\bin\Debug\NerdSupport.Specs.StepDefinitions.dll" />
      <DeploymentItem filename="C:\Projects\NerdSupport.nethouselkpg\Lib\TechTalk.SpecFlow.dll" />
    </Deployment>
    <NamingScheme baseName="NerdSupport" useDefault="false" />
    <Execution>
      <TestTypeSpecific>
        <UnitTestRunConfig testTypeId="13cdc9d9-ddb5-4fa4-a97d-d965ccfc6d4b">
          <AssemblyResolution>
            <TestDirectory useLoadContext="true" />
          </AssemblyResolution>
        </UnitTestRunConfig>
      </TestTypeSpecific>
      <AgentRule name="LocalMachineDefaultRole">
        <DataCollectors>
          <DataCollector uri="datacollector://microsoft/CodeCoverage/1.0" assemblyQualifiedName="Microsoft.VisualStudio.TestTools.CodeCoverage.CoveragePlugIn, Microsoft.VisualStudio.QualityTools.Plugins.CodeCoverage, Version=10.0.0.0, Culture=neutral, PublicKeyToken=b03f5f7f11d50a3a" friendlyName="Code Coverage">
            <Configuration>
              <CodeCoverage xmlns="">
                <AspNet>
                  <AspNetCodeCoverageItem id="67c8b33c-a6ae-421f-bf79-3fb8f37a64c0" name="NerdDinner" applicationRoot="/" url="http://localhost:0/" />
                </AspNet>
              </CodeCoverage>
            </Configuration>
          </DataCollector>
        </DataCollectors>
      </AgentRule>
    </Execution>
  </TestSettings>
  <Times creation="2012-02-21T20:55:43.0990623+01:00" queuing="2012-02-21T20:55:43.3650889+01:00" start="2012-02-21T20:55:43.4100934+01:00" finish="2012-02-21T20:55:46.0493573+01:00" />
  <ResultSummary outcome="Error">
    <Counters total="10" executed="10" error="0" failed="3" timeout="0" aborted="0" inconclusive="7" passedButRunAborted="0" notRunnable="0" notExecuted="0" disconnected="0" warning="0" passed="0" completed="0" inProgress="0" pending="0" />
    <RunInfos>
      <RunInfo computerName="PC260" outcome="Warning" timestamp="2012-02-21T20:55:43.1390663+01:00">
        <Text>Cannot open the ASP.NET project 'NerdDinner'.</Text>
      </RunInfo>
      <RunInfo computerName="PC260" outcome="Warning" timestamp="2012-02-21T20:55:43.2130737+01:00">
        <Text>Instrumentation error: cannot find binary C:\Projects\NerdSupport.nethouselkpg\NerdDinner.Tests\bin\Debug\NerdDinner.Tests.dll.</Text>
      </RunInfo>
      <RunInfo computerName="PC260" outcome="Error" timestamp="2012-02-21T20:55:43.8341358+01:00">
        <Text>Cannot find the local Web page 'NerdDinner'.</Text>
      </RunInfo>
    </RunInfos>
    <ResultFiles>
      <ResultFile path="PC260\data.coverage" />
    </ResultFiles>
  </ResultSummary>
  <TestDefinitions>
    <UnitTest name="UppdateraBefintligtArendeMhaIdIAmnesrad" storage="c:\projects\nerdsupport.nethouselkpg\specs\nerdsupport.specs\bin\debug\nerdsupport.specs.dll" id="d901931e-3f19-4255-095c-ea0d7be485eb">
      <Description>Uppdatera befintligt ärende mha id i ämnesrad</Description>
      <Execution id="b2f6d4a8-43ce-4b27-a73c-fc2d49e6d5f8" />
      <Properties>
        <Property>
          <Key>FeatureTitle</Key>
          <Value>Skapa ärende från e-mail</Value>
        </Property>
      </Properties>
      <TestMethod codeBase="C:/Projects/NerdSupport.nethouselkpg/Specs/NerdSupport.Specs/bin/Debug/NerdSupport.Specs.DLL" adapterTypeName="Microsoft.VisualStudio.TestTools.TestTypes.Unit.UnitTestAdapter, Microsoft.VisualStudio.QualityTools.Tips.UnitTest.Adapter, Version=10.0.0.0, Culture=neutral, PublicKeyToken=b03f5f7f11d50a3a" className="NerdSupport.Specs.Backlog.SkapaArendeFranE_MailFeature, NerdSupport.Specs, Version=1.0.0.0, Culture=neutral, PublicKeyToken=null" name="UppdateraBefintligtArendeMhaIdIAmnesrad" />
    </UnitTest>
    <UnitTest name="IngaReglerBrutna" storage="c:\projects\nerdsupport.nethouselkpg\specs\nerdsupport.specs\bin\debug\nerdsupport.specs.dll" id="00e18a09-7691-e101-fa8b-d577e6ebd3e2">
      <Description>Inga regler brutna</Description>
      <Execution id="ffe3c70b-1d5d-4e3a-a9d2-b916c1555135" />
      <Properties>
        <Property>
          <Key>FeatureTitle</Key>
          <Value>Prioritering av arenden</Value>
        </Property>
      </Properties>
      <TestMethod codeBase="C:/Projects/NerdSupport.nethouselkpg/Specs/NerdSupport.Specs/bin/Debug/NerdSupport.Specs.DLL" adapterTypeName="Microsoft.VisualStudio.TestTools.TestTypes.Unit.UnitTestAdapter, Microsoft.VisualStudio.QualityTools.Tips.UnitTest.Adapter, Version=10.0.0.0, Culture=neutral, PublicKeyToken=b03f5f7f11d50a3a" className="NerdSupport.Specs.CurrentIteration.PrioriteringAvArendenFeature, NerdSupport.Specs, Version=1.0.0.0, Culture=neutral, PublicKeyToken=null" name="IngaReglerBrutna" />
    </UnitTest>
    <UnitTest name="AllaReglerArBrutna" storage="c:\projects\nerdsupport.nethouselkpg\specs\nerdsupport.specs\bin\debug\nerdsupport.specs.dll" id="6cc1fcc0-3332-ae46-a0cb-8052150c6ce0">
      <Description>Alla regler är brutna</Description>
      <Execution id="58e94716-ab0c-456e-ae6e-8f9a88eaa61c" />
      <Properties>
        <Property>
          <Key>FeatureTitle</Key>
          <Value>Prioritering av arenden</Value>
        </Property>
      </Properties>
      <TestMethod codeBase="C:/Projects/NerdSupport.nethouselkpg/Specs/NerdSupport.Specs/bin/Debug/NerdSupport.Specs.DLL" adapterTypeName="Microsoft.VisualStudio.TestTools.TestTypes.Unit.UnitTestAdapter, Microsoft.VisualStudio.QualityTools.Tips.UnitTest.Adapter, Version=10.0.0.0, Culture=neutral, PublicKeyToken=b03f5f7f11d50a3a" className="NerdSupport.Specs.CurrentIteration.PrioriteringAvArendenFeature, NerdSupport.Specs, Version=1.0.0.0, Culture=neutral, PublicKeyToken=null" name="AllaReglerArBrutna" />
    </UnitTest>
    <UnitTest name="ArendeMedPrio1" storage="c:\projects\nerdsupport.nethouselkpg\specs\nerdsupport.specs\bin\debug\nerdsupport.specs.dll" id="d37e4316-551f-ec59-2dae-752d0503e685">
      <Description>Ärende med prio 1</Description>
      <Execution id="ad899403-8fde-47c8-9ecc-b7a83af018a6" />
      <Properties>
        <Property>
          <Key>FeatureTitle</Key>
          <Value>Färgläggning av ärenden i lista</Value>
        </Property>
      </Properties>
      <TestMethod codeBase="C:/Projects/NerdSupport.nethouselkpg/Specs/NerdSupport.Specs/bin/Debug/NerdSupport.Specs.DLL" adapterTypeName="Microsoft.VisualStudio.TestTools.TestTypes.Unit.UnitTestAdapter, Microsoft.VisualStudio.QualityTools.Tips.UnitTest.Adapter, Version=10.0.0.0, Culture=neutral, PublicKeyToken=b03f5f7f11d50a3a" className="NerdSupport.Specs.Backlog.FarglaggningAvArendenIListaFeature, NerdSupport.Specs, Version=1.0.0.0, Culture=neutral, PublicKeyToken=null" name="ArendeMedPrio1" />
    </UnitTest>
    <UnitTest name="MailMedIdUtanBefintligtArende" storage="c:\projects\nerdsupport.nethouselkpg\specs\nerdsupport.specs\bin\debug\nerdsupport.specs.dll" id="c06af0f8-ac7a-10e8-bd8d-22dbf1e05abb">
      <Description>Mail med id utan befintligt ärende</Description>
      <Execution id="b5702a7d-64b9-4496-af84-6b4684749c00" />
      <Properties>
        <Property>
          <Key>FeatureTitle</Key>
          <Value>Skapa ärende från e-mail</Value>
        </Property>
      </Properties>
      <TestMethod codeBase="C:/Projects/NerdSupport.nethouselkpg/Specs/NerdSupport.Specs/bin/Debug/NerdSupport.Specs.DLL" adapterTypeName="Microsoft.VisualStudio.TestTools.TestTypes.Unit.UnitTestAdapter, Microsoft.VisualStudio.QualityTools.Tips.UnitTest.Adapter, Version=10.0.0.0, Culture=neutral, PublicKeyToken=b03f5f7f11d50a3a" className="NerdSupport.Specs.Backlog.SkapaArendeFranE_MailFeature, NerdSupport.Specs, Version=1.0.0.0, Culture=neutral, PublicKeyToken=null" name="MailMedIdUtanBefintligtArende" />
    </UnitTest>
    <UnitTest name="AvsandareFinnsEjRegistrerad" storage="c:\projects\nerdsupport.nethouselkpg\specs\nerdsupport.specs\bin\debug\nerdsupport.specs.dll" id="ebea8793-641b-7b6f-48e6-c64a47c81715">
      <Description>Avsändare finns ej registrerad</Description>
      <Execution id="7cab361b-0095-49f4-8958-0df2bc4a7b29" />
      <Properties>
        <Property>
          <Key>FeatureTitle</Key>
          <Value>Filtrera e-mail i inkorg</Value>
        </Property>
      </Properties>
      <TestMethod codeBase="C:/Projects/NerdSupport.nethouselkpg/Specs/NerdSupport.Specs/bin/Debug/NerdSupport.Specs.DLL" adapterTypeName="Microsoft.VisualStudio.TestTools.TestTypes.Unit.UnitTestAdapter, Microsoft.VisualStudio.QualityTools.Tips.UnitTest.Adapter, Version=10.0.0.0, Culture=neutral, PublicKeyToken=b03f5f7f11d50a3a" className="NerdSupport.Specs.Backlog.FiltreraE_MailIInkorgFeature, NerdSupport.Specs, Version=1.0.0.0, Culture=neutral, PublicKeyToken=null" name="AvsandareFinnsEjRegistrerad" />
    </UnitTest>
    <UnitTest name="FleraLikadanaMail" storage="c:\projects\nerdsupport.nethouselkpg\specs\nerdsupport.specs\bin\debug\nerdsupport.specs.dll" id="3abda30b-ad5b-2d8a-74c4-a0650398c6d7">
      <Description>Flera likadana mail</Description>
      <Execution id="5a269a00-ffac-4160-90ce-98417209d7b2" />
      <Properties>
        <Property>
          <Key>FeatureTitle</Key>
          <Value>Filtrera e-mail i inkorg</Value>
        </Property>
      </Properties>
      <TestMethod codeBase="C:/Projects/NerdSupport.nethouselkpg/Specs/NerdSupport.Specs/bin/Debug/NerdSupport.Specs.DLL" adapterTypeName="Microsoft.VisualStudio.TestTools.TestTypes.Unit.UnitTestAdapter, Microsoft.VisualStudio.QualityTools.Tips.UnitTest.Adapter, Version=10.0.0.0, Culture=neutral, PublicKeyToken=b03f5f7f11d50a3a" className="NerdSupport.Specs.Backlog.FiltreraE_MailIInkorgFeature, NerdSupport.Specs, Version=1.0.0.0, Culture=neutral, PublicKeyToken=null" name="FleraLikadanaMail" />
    </UnitTest>
    <UnitTest name="SkapaNyttArende" storage="c:\projects\nerdsupport.nethouselkpg\specs\nerdsupport.specs\bin\debug\nerdsupport.specs.dll" id="70b81245-ee52-4702-0df8-1399c80b344d">
      <Description>Skapa nytt ärende</Description>
      <Execution id="2c9a26b6-d81c-4c6b-bb19-6cf0d58d498a" />
      <Properties>
        <Property>
          <Key>FeatureTitle</Key>
          <Value>Skapa ärende från e-mail</Value>
        </Property>
      </Properties>
      <TestMethod codeBase="C:/Projects/NerdSupport.nethouselkpg/Specs/NerdSupport.Specs/bin/Debug/NerdSupport.Specs.DLL" adapterTypeName="Microsoft.VisualStudio.TestTools.TestTypes.Unit.UnitTestAdapter, Microsoft.VisualStudio.QualityTools.Tips.UnitTest.Adapter, Version=10.0.0.0, Culture=neutral, PublicKeyToken=b03f5f7f11d50a3a" className="NerdSupport.Specs.Backlog.SkapaArendeFranE_MailFeature, NerdSupport.Specs, Version=1.0.0.0, Culture=neutral, PublicKeyToken=null" name="SkapaNyttArende" />
    </UnitTest>
    <UnitTest name="EnRegelArBruten" storage="c:\projects\nerdsupport.nethouselkpg\specs\nerdsupport.specs\bin\debug\nerdsupport.specs.dll" id="b8dd921f-0654-007a-fd51-0f6a5ba201b0">
      <Description>En regel är bruten</Description>
      <Execution id="16b7865d-65e5-4bca-b7ee-31b978f23491" />
      <Properties>
        <Property>
          <Key>FeatureTitle</Key>
          <Value>Prioritering av arenden</Value>
        </Property>
      </Properties>
      <TestMethod codeBase="C:/Projects/NerdSupport.nethouselkpg/Specs/NerdSupport.Specs/bin/Debug/NerdSupport.Specs.DLL" adapterTypeName="Microsoft.VisualStudio.TestTools.TestTypes.Unit.UnitTestAdapter, Microsoft.VisualStudio.QualityTools.Tips.UnitTest.Adapter, Version=10.0.0.0, Culture=neutral, PublicKeyToken=b03f5f7f11d50a3a" className="NerdSupport.Specs.CurrentIteration.PrioriteringAvArendenFeature, NerdSupport.Specs, Version=1.0.0.0, Culture=neutral, PublicKeyToken=null" name="EnRegelArBruten" />
    </UnitTest>
    <UnitTest name="Sortering" storage="c:\projects\nerdsupport.nethouselkpg\specs\nerdsupport.specs\bin\debug\nerdsupport.specs.dll" id="c79ebf9f-724c-9fbf-1a69-30cc1180a049">
      <Description>Sortering</Description>
      <Execution id="857d0592-49d7-4fd7-a8d1-0cd4db148ed2" />
      <Properties>
        <Property>
          <Key>FeatureTitle</Key>
          <Value>Färgläggning av ärenden i lista</Value>
        </Property>
      </Properties>
      <TestMethod codeBase="C:/Projects/NerdSupport.nethouselkpg/Specs/NerdSupport.Specs/bin/Debug/NerdSupport.Specs.DLL" adapterTypeName="Microsoft.VisualStudio.TestTools.TestTypes.Unit.UnitTestAdapter, Microsoft.VisualStudio.QualityTools.Tips.UnitTest.Adapter, Version=10.0.0.0, Culture=neutral, PublicKeyToken=b03f5f7f11d50a3a" className="NerdSupport.Specs.Backlog.FarglaggningAvArendenIListaFeature, NerdSupport.Specs, Version=1.0.0.0, Culture=neutral, PublicKeyToken=null" name="Sortering" />
    </UnitTest>
  </TestDefinitions>
  <TestLists>
    <TestList name="Results Not in a List" id="8c84fa94-04c1-424b-9868-57a2d4851a1d" />
    <TestList name="All Loaded Results" id="19431567-8539-422a-85d7-44ee4e166bda" />
  </TestLists>
  <TestEntries>
    <TestEntry testId="00e18a09-7691-e101-fa8b-d577e6ebd3e2" executionId="ffe3c70b-1d5d-4e3a-a9d2-b916c1555135" testListId="8c84fa94-04c1-424b-9868-57a2d4851a1d" />
    <TestEntry testId="3abda30b-ad5b-2d8a-74c4-a0650398c6d7" executionId="5a269a00-ffac-4160-90ce-98417209d7b2" testListId="8c84fa94-04c1-424b-9868-57a2d4851a1d" />
    <TestEntry testId="6cc1fcc0-3332-ae46-a0cb-8052150c6ce0" executionId="58e94716-ab0c-456e-ae6e-8f9a88eaa61c" testListId="8c84fa94-04c1-424b-9868-57a2d4851a1d" />
    <TestEntry testId="70b81245-ee52-4702-0df8-1399c80b344d" executionId="2c9a26b6-d81c-4c6b-bb19-6cf0d58d498a" testListId="8c84fa94-04c1-424b-9868-57a2d4851a1d" />
    <TestEntry testId="b8dd921f-0654-007a-fd51-0f6a5ba201b0" executionId="16b7865d-65e5-4bca-b7ee-31b978f23491" testListId="8c84fa94-04c1-424b-9868-57a2d4851a1d" />
    <TestEntry testId="c06af0f8-ac7a-10e8-bd8d-22dbf1e05abb" executionId="b5702a7d-64b9-4496-af84-6b4684749c00" testListId="8c84fa94-04c1-424b-9868-57a2d4851a1d" />
    <TestEntry testId="c79ebf9f-724c-9fbf-1a69-30cc1180a049" executionId="857d0592-49d7-4fd7-a8d1-0cd4db148ed2" testListId="8c84fa94-04c1-424b-9868-57a2d4851a1d" />
    <TestEntry testId="d37e4316-551f-ec59-2dae-752d0503e685" executionId="ad899403-8fde-47c8-9ecc-b7a83af018a6" testListId="8c84fa94-04c1-424b-9868-57a2d4851a1d" />
    <TestEntry testId="d901931e-3f19-4255-095c-ea0d7be485eb" executionId="b2f6d4a8-43ce-4b27-a73c-fc2d49e6d5f8" testListId="8c84fa94-04c1-424b-9868-57a2d4851a1d" />
    <TestEntry testId="ebea8793-641b-7b6f-48e6-c64a47c81715" executionId="7cab361b-0095-49f4-8958-0df2bc4a7b29" testListId="8c84fa94-04c1-424b-9868-57a2d4851a1d" />
  </TestEntries>
  <Results>
    <UnitTestResult executionId="ffe3c70b-1d5d-4e3a-a9d2-b916c1555135" testId="00e18a09-7691-e101-fa8b-d577e6ebd3e2" testName="IngaReglerBrutna" computerName="PC260" duration="00:00:00.1005947" startTime="2012-02-21T20:55:44.0851609+01:00" endTime="2012-02-21T20:55:44.5162040+01:00" testType="13cdc9d9-ddb5-4fa4-a97d-d965ccfc6d4b" outcome="Failed" testListId="8c84fa94-04c1-424b-9868-57a2d4851a1d" relativeResultsDirectory="ffe3c70b-1d5d-4e3a-a9d2-b916c1555135">
      <Output>
        <StdOut>Givet att följande regler är kopplade till Nethouse avtal
  --- table step argument ---
  | Namn | Prioritetsklassificering |
  | Tid  | 3                        |
  | Pris | 1                        |
  | VIP  | 2                        |
-&gt; error: The method or operation is not implemented.
Givet att inga regler är brutna
-&gt; skipped because of previous errors
När handläggaren granskar ärendets prioritet
-&gt; skipped because of previous errors
Så är ärendets prioritetsklassificering nollställd
-&gt; No matching step definition found for the step. Use the following code to create one:
    [Binding]
    public class StepDefinitions
    {
        [Then(@"är ärendets prioritetsklassificering nollställd")]
        public void SaArArendetsPrioritetsklassificeringNollstalld()
        {
            ScenarioContext.Current.Pending();
        }
    }</StdOut>
        <ErrorInfo>
          <Message>Test method NerdSupport.Specs.CurrentIteration.PrioriteringAvArendenFeature.IngaReglerBrutna threw exception: 
System.NotImplementedException: The method or operation is not implemented.</Message>
          <StackTrace>    at NerdSupport.Specs.StepDefinitions.IngaReglerBrutna.GivetAttFoljandeReglerArKoppladeTillNethouseAvtal(Table table) in C:\Projects\NerdSupport.nethouselkpg\Specs\NerdSupport.Specs\IngaReglerBrutna.cs:line 15
   at lambda_method(Closure , IContextManager , Table )
   at TechTalk.SpecFlow.Bindings.MethodBinding.InvokeAction(IContextManager contextManager, Object[] arguments, ITestTracer testTracer, TimeSpan&amp; duration)
   at TechTalk.SpecFlow.Bindings.StepDefinitionBinding.Invoke(IContextManager contextManager, ITestTracer testTracer, Object[] arguments, TimeSpan&amp; duration)
   at TechTalk.SpecFlow.Infrastructure.TestExecutionEngine.ExecuteStepMatch(BindingMatch match, Object[] arguments)
   at TechTalk.SpecFlow.Infrastructure.TestExecutionEngine.ExecuteStep(StepArgs stepArgs)
   at TechTalk.SpecFlow.Infrastructure.TestExecutionEngine.OnAfterLastStep()
   at TechTalk.SpecFlow.TestRunner.CollectScenarioErrors()
   at NerdSupport.Specs.CurrentIteration.PrioriteringAvArendenFeature.ScenarioCleanup() in C:\Projects\NerdSupport.nethouselkpg\Specs\NerdSupport.Specs\CurrentIteration\PrioriteringAvArende.feature.cs:line 0
   at NerdSupport.Specs.CurrentIteration.PrioriteringAvArendenFeature.IngaReglerBrutna() in c:\Projects\NerdSupport.nethouselkpg\Specs\NerdSupport.Specs\CurrentIteration\PrioriteringAvArende.feature:line 30
</StackTrace>
        </ErrorInfo>
      </Output>
    </UnitTestResult>
    <UnitTestResult executionId="5a269a00-ffac-4160-90ce-98417209d7b2" testId="3abda30b-ad5b-2d8a-74c4-a0650398c6d7" testName="FleraLikadanaMail" computerName="PC260" duration="00:00:00.0156206" startTime="2012-02-21T20:55:44.5192043+01:00" endTime="2012-02-21T20:55:44.5412065+01:00" testType="13cdc9d9-ddb5-4fa4-a97d-d965ccfc6d4b" outcome="Inconclusive" testListId="8c84fa94-04c1-424b-9868-57a2d4851a1d" relativeResultsDirectory="5a269a00-ffac-4160-90ce-98417209d7b2">
      <Output>
        <StdOut>Givet att Hans redan har skickat in ett ärende via mail
-&gt; No matching step definition found for the step. Use the following code to create one:
    [Binding]
    public class StepDefinitions
    {
        [Given(@"att Hans redan har skickat in ett ärende via mail")]
        public void GivetAttHansRedanHarSkickatInEttArendeViaMail()
        {
            ScenarioContext.Current.Pending();
        }
    }

När Hans skickar samma mail en gång till
-&gt; No matching step definition found for the step. Use the following code to create one:
    [Binding]
    public class StepDefinitions
    {
        [When(@"Hans skickar samma mail en gång till")]
        public void NarHansSkickarSammaMailEnGangTill()
        {
            ScenarioContext.Current.Pending();
        }
    }

Så ska det inte skapas ett ärende
-&gt; No matching step definition found for the step. Use the following code to create one:
    [Binding]
    public class StepDefinitions
    {
        [Then(@"ska det inte skapas ett ärende")]
        public void SaSkaDetInteSkapasEttArende()
        {
            ScenarioContext.Current.Pending();
        }
    }</StdOut>
        <ErrorInfo>
          <Message>Assert.Inconclusive failed. No matching step definition found for one or more steps.
[Binding]
public class StepDefinitions
{
    [Given(@"att Hans redan har skickat in ett ärende via mail")]
    public void GivetAttHansRedanHarSkickatInEttArendeViaMail()
    {
        ScenarioContext.Current.Pending();
    }
    
    [Then(@"ska det inte skapas ett ärende")]
    public void SaSkaDetInteSkapasEttArende()
    {
        ScenarioContext.Current.Pending();
    }
    
    [When(@"Hans skickar samma mail en gång till")]
    public void NarHansSkickarSammaMailEnGangTill()
    {
        ScenarioContext.Current.Pending();
    }
}
</Message>
          <StackTrace>   at lambda_method(Closure , String , Object[] )
   at TechTalk.SpecFlow.UnitTestProvider.MsTestRuntimeProvider.TestInconclusive(String message)
   at TechTalk.SpecFlow.UnitTestProvider.MsTestRuntimeProvider.TestPending(String message)
   at TechTalk.SpecFlow.ErrorHandling.ErrorProvider.ThrowPendingError(TestStatus testStatus, String message)
   at TechTalk.SpecFlow.Infrastructure.TestExecutionEngine.OnAfterLastStep()
   at TechTalk.SpecFlow.TestRunner.CollectScenarioErrors()
   at NerdSupport.Specs.Backlog.FiltreraE_MailIInkorgFeature.ScenarioCleanup() in C:\Projects\NerdSupport.nethouselkpg\Specs\NerdSupport.Specs\Backlog\HittaEmailIInkorg.feature.cs:line 0
   at NerdSupport.Specs.Backlog.FiltreraE_MailIInkorgFeature.FleraLikadanaMail() in c:\Projects\NerdSupport.nethouselkpg\Specs\NerdSupport.Specs\Backlog\HittaEmailIInkorg.feature:line 17
</StackTrace>
        </ErrorInfo>
      </Output>
    </UnitTestResult>
    <UnitTestResult executionId="58e94716-ab0c-456e-ae6e-8f9a88eaa61c" testId="6cc1fcc0-3332-ae46-a0cb-8052150c6ce0" testName="AllaReglerArBrutna" computerName="PC260" duration="00:00:00.0083453" startTime="2012-02-21T20:55:44.5432067+01:00" endTime="2012-02-21T20:55:44.5552079+01:00" testType="13cdc9d9-ddb5-4fa4-a97d-d965ccfc6d4b" outcome="Failed" testListId="8c84fa94-04c1-424b-9868-57a2d4851a1d" relativeResultsDirectory="58e94716-ab0c-456e-ae6e-8f9a88eaa61c">
      <Output>
        <StdOut>Givet att följande regler är kopplade till Nethouse avtal
  --- table step argument ---
  | Namn | Prioritetsklassificering |
  | Tid  | 3                        |
  | Pris | 1                        |
  | VIP  | 2                        |
-&gt; error: The method or operation is not implemented.
Givet att alla regler är brutna
-&gt; No matching step definition found for the step. Use the following code to create one:
    [Binding]
    public class StepDefinitions
    {
        [Given(@"att alla regler är brutna")]
        public void GivetAttAllaReglerArBrutna()
        {
            ScenarioContext.Current.Pending();
        }
    }

När handläggaren granskar ärendets prioritet
-&gt; skipped because of previous errors
Så är ärendets prioritetsklassificering 1
-&gt; No matching step definition found for the step. Use the following code to create one:
    [Binding]
    public class StepDefinitions
    {
        [Then(@"är ärendets prioritetsklassificering 1")]
        public void SaArArendetsPrioritetsklassificering1()
        {
            ScenarioContext.Current.Pending();
        }
    }</StdOut>
        <ErrorInfo>
          <Message>Test method NerdSupport.Specs.CurrentIteration.PrioriteringAvArendenFeature.AllaReglerArBrutna threw exception: 
System.NotImplementedException: The method or operation is not implemented.</Message>
          <StackTrace>    at NerdSupport.Specs.StepDefinitions.IngaReglerBrutna.GivetAttFoljandeReglerArKoppladeTillNethouseAvtal(Table table) in C:\Projects\NerdSupport.nethouselkpg\Specs\NerdSupport.Specs\IngaReglerBrutna.cs:line 15
   at lambda_method(Closure , IContextManager , Table )
   at TechTalk.SpecFlow.Bindings.MethodBinding.InvokeAction(IContextManager contextManager, Object[] arguments, ITestTracer testTracer, TimeSpan&amp; duration)
   at TechTalk.SpecFlow.Bindings.StepDefinitionBinding.Invoke(IContextManager contextManager, ITestTracer testTracer, Object[] arguments, TimeSpan&amp; duration)
   at TechTalk.SpecFlow.Infrastructure.TestExecutionEngine.ExecuteStepMatch(BindingMatch match, Object[] arguments)
   at TechTalk.SpecFlow.Infrastructure.TestExecutionEngine.ExecuteStep(StepArgs stepArgs)
   at TechTalk.SpecFlow.Infrastructure.TestExecutionEngine.OnAfterLastStep()
   at TechTalk.SpecFlow.TestRunner.CollectScenarioErrors()
   at NerdSupport.Specs.CurrentIteration.PrioriteringAvArendenFeature.ScenarioCleanup() in C:\Projects\NerdSupport.nethouselkpg\Specs\NerdSupport.Specs\CurrentIteration\PrioriteringAvArende.feature.cs:line 0
   at NerdSupport.Specs.CurrentIteration.PrioriteringAvArendenFeature.AllaReglerArBrutna() in c:\Projects\NerdSupport.nethouselkpg\Specs\NerdSupport.Specs\CurrentIteration\PrioriteringAvArende.feature:line 25
</StackTrace>
        </ErrorInfo>
      </Output>
    </UnitTestResult>
    <UnitTestResult executionId="2c9a26b6-d81c-4c6b-bb19-6cf0d58d498a" testId="70b81245-ee52-4702-0df8-1399c80b344d" testName="SkapaNyttArende" computerName="PC260" duration="00:00:00.0074362" startTime="2012-02-21T20:55:44.5572081+01:00" endTime="2012-02-21T20:55:44.5692093+01:00" testType="13cdc9d9-ddb5-4fa4-a97d-d965ccfc6d4b" outcome="Inconclusive" testListId="8c84fa94-04c1-424b-9868-57a2d4851a1d" relativeResultsDirectory="2c9a26b6-d81c-4c6b-bb19-6cf0d58d498a">
      <Output>
        <StdOut>Givet följande e-mail
  --- table step argument ---
  | Ämne             | Brödtext           |
  | Problem med Lync | Hjälp det är panik |
-&gt; No matching step definition found for the step. Use the following code to create one:
    [Binding]
    public class StepDefinitions
    {
        [Given(@"följande e-mail")]
        public void GivetFoljandeE_Mail(Table table)
        {
            ScenarioContext.Current.Pending();
        }
    }

När Hans skickar in detta
-&gt; No matching step definition found for the step. Use the following code to create one:
    [Binding]
    public class StepDefinitions
    {
        [When(@"Hans skickar in detta")]
        public void NarHansSkickarInDetta()
        {
            ScenarioContext.Current.Pending();
        }
    }

Så ska ett nytt ärende skapas upp
-&gt; No matching step definition found for the step. Use the following code to create one:
    [Binding]
    public class StepDefinitions
    {
        [Then(@"ska ett nytt ärende skapas upp")]
        public void SaSkaEttNyttArendeSkapasUpp()
        {
            ScenarioContext.Current.Pending();
        }
    }</StdOut>
        <ErrorInfo>
          <Message>Assert.Inconclusive failed. No matching step definition found for one or more steps.
[Binding]
public class StepDefinitions
{
    [Given(@"följande e-mail")]
    public void GivetFoljandeE_Mail(Table table)
    {
        ScenarioContext.Current.Pending();
    }
    
    [Then(@"ska ett nytt ärende skapas upp")]
    public void SaSkaEttNyttArendeSkapasUpp()
    {
        ScenarioContext.Current.Pending();
    }
    
    [When(@"Hans skickar in detta")]
    public void NarHansSkickarInDetta()
    {
        ScenarioContext.Current.Pending();
    }
}
</Message>
          <StackTrace>   at lambda_method(Closure , String , Object[] )
   at TechTalk.SpecFlow.UnitTestProvider.MsTestRuntimeProvider.TestInconclusive(String message)
   at TechTalk.SpecFlow.UnitTestProvider.MsTestRuntimeProvider.TestPending(String message)
   at TechTalk.SpecFlow.ErrorHandling.ErrorProvider.ThrowPendingError(TestStatus testStatus, String message)
   at TechTalk.SpecFlow.Infrastructure.TestExecutionEngine.OnAfterLastStep()
   at TechTalk.SpecFlow.TestRunner.CollectScenarioErrors()
   at NerdSupport.Specs.Backlog.SkapaArendeFranE_MailFeature.ScenarioCleanup() in C:\Projects\NerdSupport.nethouselkpg\Specs\NerdSupport.Specs\Backlog\SkapaArendeFranEmail.feature.cs:line 0
   at NerdSupport.Specs.Backlog.SkapaArendeFranE_MailFeature.SkapaNyttArende() in c:\Projects\NerdSupport.nethouselkpg\Specs\NerdSupport.Specs\Backlog\SkapaArendeFranEmail.feature:line 14
</StackTrace>
        </ErrorInfo>
      </Output>
    </UnitTestResult>
    <UnitTestResult executionId="16b7865d-65e5-4bca-b7ee-31b978f23491" testId="b8dd921f-0654-007a-fd51-0f6a5ba201b0" testName="EnRegelArBruten" computerName="PC260" duration="00:00:00.0068928" startTime="2012-02-21T20:55:44.5712095+01:00" endTime="2012-02-21T20:55:44.5812105+01:00" testType="13cdc9d9-ddb5-4fa4-a97d-d965ccfc6d4b" outcome="Failed" testListId="8c84fa94-04c1-424b-9868-57a2d4851a1d" relativeResultsDirectory="16b7865d-65e5-4bca-b7ee-31b978f23491">
      <Output>
        <StdOut>Givet att följande regler är kopplade till Nethouse avtal
  --- table step argument ---
  | Namn | Prioritetsklassificering |
  | Tid  | 3                        |
  | Pris | 1                        |
  | VIP  | 2                        |
-&gt; error: The method or operation is not implemented.
Givet att VIP regeln bryts
-&gt; No matching step definition found for the step. Use the following code to create one:
    [Binding]
    public class StepDefinitions
    {
        [Given(@"att VIP regeln bryts")]
        public void GivetAttVIPRegelnBryts()
        {
            ScenarioContext.Current.Pending();
        }
    }

När handläggaren granskar ärendets prioritet
-&gt; skipped because of previous errors
Så är ärendets prioritetsklassificering 2
-&gt; No matching step definition found for the step. Use the following code to create one:
    [Binding]
    public class StepDefinitions
    {
        [Then(@"är ärendets prioritetsklassificering 2")]
        public void SaArArendetsPrioritetsklassificering2()
        {
            ScenarioContext.Current.Pending();
        }
    }</StdOut>
        <ErrorInfo>
          <Message>Test method NerdSupport.Specs.CurrentIteration.PrioriteringAvArendenFeature.EnRegelArBruten threw exception: 
System.NotImplementedException: The method or operation is not implemented.</Message>
          <StackTrace>    at NerdSupport.Specs.StepDefinitions.IngaReglerBrutna.GivetAttFoljandeReglerArKoppladeTillNethouseAvtal(Table table) in C:\Projects\NerdSupport.nethouselkpg\Specs\NerdSupport.Specs\IngaReglerBrutna.cs:line 15
   at lambda_method(Closure , IContextManager , Table )
   at TechTalk.SpecFlow.Bindings.MethodBinding.InvokeAction(IContextManager contextManager, Object[] arguments, ITestTracer testTracer, TimeSpan&amp; duration)
   at TechTalk.SpecFlow.Bindings.StepDefinitionBinding.Invoke(IContextManager contextManager, ITestTracer testTracer, Object[] arguments, TimeSpan&amp; duration)
   at TechTalk.SpecFlow.Infrastructure.TestExecutionEngine.ExecuteStepMatch(BindingMatch match, Object[] arguments)
   at TechTalk.SpecFlow.Infrastructure.TestExecutionEngine.ExecuteStep(StepArgs stepArgs)
   at TechTalk.SpecFlow.Infrastructure.TestExecutionEngine.OnAfterLastStep()
   at TechTalk.SpecFlow.TestRunner.CollectScenarioErrors()
   at NerdSupport.Specs.CurrentIteration.PrioriteringAvArendenFeature.ScenarioCleanup() in C:\Projects\NerdSupport.nethouselkpg\Specs\NerdSupport.Specs\CurrentIteration\PrioriteringAvArende.feature.cs:line 0
   at NerdSupport.Specs.CurrentIteration.PrioriteringAvArendenFeature.EnRegelArBruten() in c:\Projects\NerdSupport.nethouselkpg\Specs\NerdSupport.Specs\CurrentIteration\PrioriteringAvArende.feature:line 20
</StackTrace>
        </ErrorInfo>
      </Output>
    </UnitTestResult>
    <UnitTestResult executionId="b5702a7d-64b9-4496-af84-6b4684749c00" testId="c06af0f8-ac7a-10e8-bd8d-22dbf1e05abb" testName="MailMedIdUtanBefintligtArende" computerName="PC260" duration="00:00:00.0088047" startTime="2012-02-21T20:55:44.5832107+01:00" endTime="2012-02-21T20:55:44.5952119+01:00" testType="13cdc9d9-ddb5-4fa4-a97d-d965ccfc6d4b" outcome="Inconclusive" testListId="8c84fa94-04c1-424b-9868-57a2d4851a1d" relativeResultsDirectory="b5702a7d-64b9-4496-af84-6b4684749c00">
      <Output>
        <StdOut>Givet följande email
  --- table step argument ---
  | Ämne              | Brödtext                  |
  | 602 fungerar inte | Mitt tangentbord är borta |
-&gt; No matching step definition found for the step. Use the following code to create one:
    [Binding]
    public class StepDefinitions
    {
        [Given(@"följande email")]
        public void GivetFoljandeEmail(Table table)
        {
            ScenarioContext.Current.Pending();
        }
    }

Och att det inte finns något befintligt ärende med id 602
-&gt; No matching step definition found for the step. Use the following code to create one:
    [Binding]
    public class StepDefinitions
    {
        [Given(@"att det inte finns något befintligt ärende med id 602")]
        public void GivetAttDetInteFinnsNagotBefintligtArendeMedId602()
        {
            ScenarioContext.Current.Pending();
        }
    }

När Greta skickar emailet
-&gt; No matching step definition found for the step. Use the following code to create one:
    [Binding]
    public class StepDefinitions
    {
        [When(@"Greta skickar emailet")]
        public void NarGretaSkickarEmailet()
        {
            ScenarioContext.Current.Pending();
        }
    }

Så ska inget ärende skapas
-&gt; No matching step definition found for the step. Use the following code to create one:
    [Binding]
    public class StepDefinitions
    {
        [Then(@"ska inget ärende skapas")]
        public void SaSkaIngetArendeSkapas()
        {
            ScenarioContext.Current.Pending();
        }
    }</StdOut>
        <ErrorInfo>
          <Message>Assert.Inconclusive failed. No matching step definition found for one or more steps.
[Binding]
public class StepDefinitions
{
    [Given(@"att det inte finns något befintligt ärende med id 602")]
    public void GivetAttDetInteFinnsNagotBefintligtArendeMedId602()
    {
        ScenarioContext.Current.Pending();
    }
    
    [Given(@"följande email")]
    public void GivetFoljandeEmail(Table table)
    {
        ScenarioContext.Current.Pending();
    }
    
    [Then(@"ska inget ärende skapas")]
    public void SaSkaIngetArendeSkapas()
    {
        ScenarioContext.Current.Pending();
    }
    
    [When(@"Greta skickar emailet")]
    public void NarGretaSkickarEmailet()
    {
        ScenarioContext.Current.Pending();
    }
}
</Message>
          <StackTrace>   at lambda_method(Closure , String , Object[] )
   at TechTalk.SpecFlow.UnitTestProvider.MsTestRuntimeProvider.TestInconclusive(String message)
   at TechTalk.SpecFlow.UnitTestProvider.MsTestRuntimeProvider.TestPending(String message)
   at TechTalk.SpecFlow.ErrorHandling.ErrorProvider.ThrowPendingError(TestStatus testStatus, String message)
   at TechTalk.SpecFlow.Infrastructure.TestExecutionEngine.OnAfterLastStep()
   at TechTalk.SpecFlow.TestRunner.CollectScenarioErrors()
   at NerdSupport.Specs.Backlog.SkapaArendeFranE_MailFeature.ScenarioCleanup() in C:\Projects\NerdSupport.nethouselkpg\Specs\NerdSupport.Specs\Backlog\SkapaArendeFranEmail.feature.cs:line 0
   at NerdSupport.Specs.Backlog.SkapaArendeFranE_MailFeature.MailMedIdUtanBefintligtArende() in c:\Projects\NerdSupport.nethouselkpg\Specs\NerdSupport.Specs\Backlog\SkapaArendeFranEmail.feature:line 35
</StackTrace>
        </ErrorInfo>
      </Output>
    </UnitTestResult>
    <UnitTestResult executionId="857d0592-49d7-4fd7-a8d1-0cd4db148ed2" testId="c79ebf9f-724c-9fbf-1a69-30cc1180a049" testName="Sortering" computerName="PC260" duration="00:00:00.0097195" startTime="2012-02-21T20:55:44.5972121+01:00" endTime="2012-02-21T20:55:44.6122136+01:00" testType="13cdc9d9-ddb5-4fa4-a97d-d965ccfc6d4b" outcome="Inconclusive" testListId="8c84fa94-04c1-424b-9868-57a2d4851a1d" relativeResultsDirectory="857d0592-49d7-4fd7-a8d1-0cd4db148ed2">
      <Output>
        <StdOut>Givet följande ärenden
  --- table step argument ---
  | Ärende  | Prioritetsklassificering |
  | viktigt | 1                        |
  | mindre  | 2                        |
-&gt; No matching step definition found for the step. Use the following code to create one:
    [Binding]
    public class StepDefinitions
    {
        [Given(@"följande ärenden")]
        public void GivetFoljandeArenden(Table table)
        {
            ScenarioContext.Current.Pending();
        }
    }

När handläggaren listar ärenden
-&gt; No matching step definition found for the step. Use the following code to create one:
    [Binding]
    public class StepDefinitions
    {
        [When(@"handläggaren listar ärenden")]
        public void NarHandlaggarenListarArenden()
        {
            ScenarioContext.Current.Pending();
        }
    }

Så ska "viktigt ärende" vara överst
-&gt; No matching step definition found for the step. Use the following code to create one:
    [Binding]
    public class StepDefinitions
    {
        [Then(@"ska ""viktigt ärende"" vara överst")]
        public void SaSkaViktigtArendeVaraOverst()
        {
            ScenarioContext.Current.Pending();
        }
    }

Och "minst viktigt ärende" ska vara underst
-&gt; No matching step definition found for the step. Use the following code to create one:
    [Binding]
    public class StepDefinitions
    {
        [Then(@"""minst viktigt ärende"" ska vara underst")]
        public void SaMinstViktigtArendeSkaVaraUnderst()
        {
            ScenarioContext.Current.Pending();
        }
    }</StdOut>
        <ErrorInfo>
          <Message>Assert.Inconclusive failed. No matching step definition found for one or more steps.
[Binding]
public class StepDefinitions
{
    [Given(@"följande ärenden")]
    public void GivetFoljandeArenden(Table table)
    {
        ScenarioContext.Current.Pending();
    }
    
    [Then(@"""minst viktigt ärende"" ska vara underst")]
    public void SaMinstViktigtArendeSkaVaraUnderst()
    {
        ScenarioContext.Current.Pending();
    }
    
    [Then(@"ska ""viktigt ärende"" vara överst")]
    public void SaSkaViktigtArendeVaraOverst()
    {
        ScenarioContext.Current.Pending();
    }
    
    [When(@"handläggaren listar ärenden")]
    public void NarHandlaggarenListarArenden()
    {
        ScenarioContext.Current.Pending();
    }
}
</Message>
          <StackTrace>   at lambda_method(Closure , String , Object[] )
   at TechTalk.SpecFlow.UnitTestProvider.MsTestRuntimeProvider.TestInconclusive(String message)
   at TechTalk.SpecFlow.UnitTestProvider.MsTestRuntimeProvider.TestPending(String message)
   at TechTalk.SpecFlow.ErrorHandling.ErrorProvider.ThrowPendingError(TestStatus testStatus, String message)
   at TechTalk.SpecFlow.Infrastructure.TestExecutionEngine.OnAfterLastStep()
   at TechTalk.SpecFlow.TestRunner.CollectScenarioErrors()
   at NerdSupport.Specs.Backlog.FarglaggningAvArendenIListaFeature.ScenarioCleanup() in C:\Projects\NerdSupport.nethouselkpg\Specs\NerdSupport.Specs\Backlog\FarglaggningAvArendelista.feature.cs:line 0
   at NerdSupport.Specs.Backlog.FarglaggningAvArendenIListaFeature.Sortering() in c:\Projects\NerdSupport.nethouselkpg\Specs\NerdSupport.Specs\Backlog\FarglaggningAvArendelista.feature:line 25
</StackTrace>
        </ErrorInfo>
      </Output>
    </UnitTestResult>
    <UnitTestResult executionId="ad899403-8fde-47c8-9ecc-b7a83af018a6" testId="d37e4316-551f-ec59-2dae-752d0503e685" testName="ArendeMedPrio1" computerName="PC260" duration="00:00:00.0109539" startTime="2012-02-21T20:55:44.6142138+01:00" endTime="2012-02-21T20:55:44.6282152+01:00" testType="13cdc9d9-ddb5-4fa4-a97d-d965ccfc6d4b" outcome="Inconclusive" testListId="8c84fa94-04c1-424b-9868-57a2d4851a1d" relativeResultsDirectory="ad899403-8fde-47c8-9ecc-b7a83af018a6">
      <Output>
        <StdOut>Givet ett ärende med prio 1
-&gt; No matching step definition found for the step. Use the following code to create one:
    [Binding]
    public class StepDefinitions
    {
        [Given(@"ett ärende med prio 1")]
        public void GivetEttArendeMedPrio1()
        {
            ScenarioContext.Current.Pending();
        }
    }

Och att prio 1 kodas med röd färg
-&gt; No matching step definition found for the step. Use the following code to create one:
    [Binding]
    public class StepDefinitions
    {
        [Given(@"att prio 1 kodas med röd färg")]
        public void GivetAttPrio1KodasMedRodFarg()
        {
            ScenarioContext.Current.Pending();
        }
    }

När handläggaren listar ärenden
-&gt; No matching step definition found for the step. Use the following code to create one:
    [Binding]
    public class StepDefinitions
    {
        [When(@"handläggaren listar ärenden")]
        public void NarHandlaggarenListarArenden()
        {
            ScenarioContext.Current.Pending();
        }
    }

Så har ärendet röd färg
-&gt; No matching step definition found for the step. Use the following code to create one:
    [Binding]
    public class StepDefinitions
    {
        [Then(@"har ärendet röd färg")]
        public void SaHarArendetRodFarg()
        {
            ScenarioContext.Current.Pending();
        }
    }</StdOut>
        <ErrorInfo>
          <Message>Assert.Inconclusive failed. No matching step definition found for one or more steps.
[Binding]
public class StepDefinitions
{
    [Given(@"att prio 1 kodas med röd färg")]
    public void GivetAttPrio1KodasMedRodFarg()
    {
        ScenarioContext.Current.Pending();
    }
    
    [Given(@"ett ärende med prio 1")]
    public void GivetEttArendeMedPrio1()
    {
        ScenarioContext.Current.Pending();
    }
    
    [Then(@"har ärendet röd färg")]
    public void SaHarArendetRodFarg()
    {
        ScenarioContext.Current.Pending();
    }
    
    [When(@"handläggaren listar ärenden")]
    public void NarHandlaggarenListarArenden()
    {
        ScenarioContext.Current.Pending();
    }
}
</Message>
          <StackTrace>   at lambda_method(Closure , String , Object[] )
   at TechTalk.SpecFlow.UnitTestProvider.MsTestRuntimeProvider.TestInconclusive(String message)
   at TechTalk.SpecFlow.UnitTestProvider.MsTestRuntimeProvider.TestPending(String message)
   at TechTalk.SpecFlow.ErrorHandling.ErrorProvider.ThrowPendingError(TestStatus testStatus, String message)
   at TechTalk.SpecFlow.Infrastructure.TestExecutionEngine.OnAfterLastStep()
   at TechTalk.SpecFlow.TestRunner.CollectScenarioErrors()
   at NerdSupport.Specs.Backlog.FarglaggningAvArendenIListaFeature.ScenarioCleanup() in C:\Projects\NerdSupport.nethouselkpg\Specs\NerdSupport.Specs\Backlog\FarglaggningAvArendelista.feature.cs:line 0
   at NerdSupport.Specs.Backlog.FarglaggningAvArendenIListaFeature.ArendeMedPrio1() in c:\Projects\NerdSupport.nethouselkpg\Specs\NerdSupport.Specs\Backlog\FarglaggningAvArendelista.feature:line 13
</StackTrace>
        </ErrorInfo>
      </Output>
    </UnitTestResult>
    <UnitTestResult executionId="b2f6d4a8-43ce-4b27-a73c-fc2d49e6d5f8" testId="d901931e-3f19-4255-095c-ea0d7be485eb" testName="UppdateraBefintligtArendeMhaIdIAmnesrad" computerName="PC260" duration="00:00:00.0100467" startTime="2012-02-21T20:55:44.6302154+01:00" endTime="2012-02-21T20:55:44.6432167+01:00" testType="13cdc9d9-ddb5-4fa4-a97d-d965ccfc6d4b" outcome="Inconclusive" testListId="8c84fa94-04c1-424b-9868-57a2d4851a1d" relativeResultsDirectory="b2f6d4a8-43ce-4b27-a73c-fc2d49e6d5f8">
      <Output>
        <StdOut>Givet följande email
  --- table step argument ---
  | Ämne                | Brödtext            |
  | Mer problem med 502 | Återigen problem :( |
-&gt; No matching step definition found for the step. Use the following code to create one:
    [Binding]
    public class StepDefinitions
    {
        [Given(@"följande email")]
        public void GivetFoljandeEmail(Table table)
        {
            ScenarioContext.Current.Pending();
        }
    }

Och att följande ärenden redan finns registrerade
  --- table step argument ---
  | Id  | Ämne                | Beskrivning         |
  | 502 | Mer problem med 502 | Återigen problem :( |
-&gt; No matching step definition found for the step. Use the following code to create one:
    [Binding]
    public class StepDefinitions
    {
        [Given(@"att följande ärenden redan finns registrerade")]
        public void GivetAttFoljandeArendenRedanFinnsRegistrerade(Table table)
        {
            ScenarioContext.Current.Pending();
        }
    }

När Greta skickar emailet
-&gt; No matching step definition found for the step. Use the following code to create one:
    [Binding]
    public class StepDefinitions
    {
        [When(@"Greta skickar emailet")]
        public void NarGretaSkickarEmailet()
        {
            ScenarioContext.Current.Pending();
        }
    }

Så ska det befintliga ärendet uppdateras
-&gt; No matching step definition found for the step. Use the following code to create one:
    [Binding]
    public class StepDefinitions
    {
        [Then(@"ska det befintliga ärendet uppdateras")]
        public void SaSkaDetBefintligaArendetUppdateras()
        {
            ScenarioContext.Current.Pending();
        }
    }</StdOut>
        <ErrorInfo>
          <Message>Assert.Inconclusive failed. No matching step definition found for one or more steps.
[Binding]
public class StepDefinitions
{
    [Given(@"att följande ärenden redan finns registrerade")]
    public void GivetAttFoljandeArendenRedanFinnsRegistrerade(Table table)
    {
        ScenarioContext.Current.Pending();
    }
    
    [Given(@"följande email")]
    public void GivetFoljandeEmail(Table table)
    {
        ScenarioContext.Current.Pending();
    }
    
    [Then(@"ska det befintliga ärendet uppdateras")]
    public void SaSkaDetBefintligaArendetUppdateras()
    {
        ScenarioContext.Current.Pending();
    }
    
    [When(@"Greta skickar emailet")]
    public void NarGretaSkickarEmailet()
    {
        ScenarioContext.Current.Pending();
    }
}
</Message>
          <StackTrace>   at lambda_method(Closure , String , Object[] )
   at TechTalk.SpecFlow.UnitTestProvider.MsTestRuntimeProvider.TestInconclusive(String message)
   at TechTalk.SpecFlow.UnitTestProvider.MsTestRuntimeProvider.TestPending(String message)
   at TechTalk.SpecFlow.ErrorHandling.ErrorProvider.ThrowPendingError(TestStatus testStatus, String message)
   at TechTalk.SpecFlow.Infrastructure.TestExecutionEngine.OnAfterLastStep()
   at TechTalk.SpecFlow.TestRunner.CollectScenarioErrors()
   at NerdSupport.Specs.Backlog.SkapaArendeFranE_MailFeature.ScenarioCleanup() in C:\Projects\NerdSupport.nethouselkpg\Specs\NerdSupport.Specs\Backlog\SkapaArendeFranEmail.feature.cs:line 0
   at NerdSupport.Specs.Backlog.SkapaArendeFranE_MailFeature.UppdateraBefintligtArendeMhaIdIAmnesrad() in c:\Projects\NerdSupport.nethouselkpg\Specs\NerdSupport.Specs\Backlog\SkapaArendeFranEmail.feature:line 26
</StackTrace>
        </ErrorInfo>
      </Output>
    </UnitTestResult>
    <UnitTestResult executionId="7cab361b-0095-49f4-8958-0df2bc4a7b29" testId="ebea8793-641b-7b6f-48e6-c64a47c81715" testName="AvsandareFinnsEjRegistrerad" computerName="PC260" duration="00:00:00.0089856" startTime="2012-02-21T20:55:44.6452169+01:00" endTime="2012-02-21T20:55:44.6592183+01:00" testType="13cdc9d9-ddb5-4fa4-a97d-d965ccfc6d4b" outcome="Inconclusive" testListId="8c84fa94-04c1-424b-9868-57a2d4851a1d" relativeResultsDirectory="7cab361b-0095-49f4-8958-0df2bc4a7b29">
      <Output>
        <StdOut>Givet att Ove inte finns registrerad som användare
-&gt; No matching step definition found for the step. Use the following code to create one:
    [Binding]
    public class StepDefinitions
    {
        [Given(@"att Ove inte finns registrerad som användare")]
        public void GivetAttOveInteFinnsRegistreradSomAnvandare()
        {
            ScenarioContext.Current.Pending();
        }
    }

När Ove skickar in ett e-mail
-&gt; No matching step definition found for the step. Use the following code to create one:
    [Binding]
    public class StepDefinitions
    {
        [When(@"Ove skickar in ett e-mail")]
        public void NarOveSkickarInEttE_Mail()
        {
            ScenarioContext.Current.Pending();
        }
    }

Så ska det inte skapas ett ärende
-&gt; No matching step definition found for the step. Use the following code to create one:
    [Binding]
    public class StepDefinitions
    {
        [Then(@"ska det inte skapas ett ärende")]
        public void SaSkaDetInteSkapasEttArende()
        {
            ScenarioContext.Current.Pending();
        }
    }</StdOut>
        <ErrorInfo>
          <Message>Assert.Inconclusive failed. No matching step definition found for one or more steps.
[Binding]
public class StepDefinitions
{
    [Given(@"att Ove inte finns registrerad som användare")]
    public void GivetAttOveInteFinnsRegistreradSomAnvandare()
    {
        ScenarioContext.Current.Pending();
    }
    
    [Then(@"ska det inte skapas ett ärende")]
    public void SaSkaDetInteSkapasEttArende()
    {
        ScenarioContext.Current.Pending();
    }
    
    [When(@"Ove skickar in ett e-mail")]
    public void NarOveSkickarInEttE_Mail()
    {
        ScenarioContext.Current.Pending();
    }
}
</Message>
          <StackTrace>   at lambda_method(Closure , String , Object[] )
   at TechTalk.SpecFlow.UnitTestProvider.MsTestRuntimeProvider.TestInconclusive(String message)
   at TechTalk.SpecFlow.UnitTestProvider.MsTestRuntimeProvider.TestPending(String message)
   at TechTalk.SpecFlow.ErrorHandling.ErrorProvider.ThrowPendingError(TestStatus testStatus, String message)
   at TechTalk.SpecFlow.Infrastructure.TestExecutionEngine.OnAfterLastStep()
   at TechTalk.SpecFlow.TestRunner.CollectScenarioErrors()
   at NerdSupport.Specs.Backlog.FiltreraE_MailIInkorgFeature.ScenarioCleanup() in C:\Projects\NerdSupport.nethouselkpg\Specs\NerdSupport.Specs\Backlog\HittaEmailIInkorg.feature.cs:line 0
   at NerdSupport.Specs.Backlog.FiltreraE_MailIInkorgFeature.AvsandareFinnsEjRegistrerad() in c:\Projects\NerdSupport.nethouselkpg\Specs\NerdSupport.Specs\Backlog\HittaEmailIInkorg.feature:line 12
</StackTrace>
        </ErrorInfo>
      </Output>
    </UnitTestResult>
  </Results>
</TestRun>